<?xml version="1.0" encoding="UTF-8"?>
<testsuite name="com.bridgelabz.HotelReservationTest" tests="1" skipped="0" failures="0" errors="0" timestamp="2022-12-12T04:08:11" hostname="SUDHA" time="0.01">
  <properties/>
  <testcase name="givenHotel_ShouldBe_AddedToHotelList()" classname="com.bridgelabz.HotelReservationTest" time="0.01"/>
  <system-out><![CDATA[]]></system-out>
  <system-err><![CDATA[]]></system-err>
</testsuite>
